{"label":"MY LABEL FOR PRODUCTS APP","level":"info","message":"Success in reading all users","timestamp":"08-04-2025 19:10:000"}
{"label":"MY LABEL FOR PRODUCTS APP","level":"warn","message":"Success in reading all users","timestamp":"08-04-2025 19:10:000"}
{"label":"MY LABEL FOR PRODUCTS APP","level":"error","message":"Message with error","timestamp":"08-04-2025 19:10:000"}
{"label":"MY LABEL FOR PRODUCTS APP","level":"info","message":"Success in reading all users","timestamp":"08-04-2025 19:16:3636"}
{"label":"MY LABEL FOR PRODUCTS APP","level":"warn","message":"Success in reading all users","timestamp":"08-04-2025 19:16:3636"}
{"label":"MY LABEL FOR PRODUCTS APP","level":"error","message":"Message with error","timestamp":"08-04-2025 19:16:3636"}
{"label":"MY LABEL FOR PRODUCTS APP","level":"info","message":"Success in reading all users","timestamp":"08-04-2025 19:17:4949"}
{"label":"MY LABEL FOR PRODUCTS APP","level":"warn","message":"Success in reading all users","timestamp":"08-04-2025 19:17:4949"}
{"label":"MY LABEL FOR PRODUCTS APP","level":"error","message":"Message with error","timestamp":"08-04-2025 19:17:4949"}
{"label":"MY LABEL FOR PRODUCTS APP","level":"info","message":"Success in reading all users","timestamp":"08-04-2025 20:15:1818"}
{"label":"MY LABEL FOR PRODUCTS APP","level":"warn","message":"Success in reading all users","timestamp":"08-04-2025 20:15:1818"}
{"label":"MY LABEL FOR PRODUCTS APP","level":"error","message":"Message with error","timestamp":"08-04-2025 20:15:1818"}
{"label":"MY LABEL FOR PRODUCTS APP","level":"info","message":"Success in reading all users","timestamp":"08-04-2025 20:16:077"}
{"label":"MY LABEL FOR PRODUCTS APP","level":"warn","message":"Success in reading all users","timestamp":"08-04-2025 20:16:077"}
{"label":"MY LABEL FOR PRODUCTS APP","level":"error","message":"Message with error","timestamp":"08-04-2025 20:16:077"}
{"label":"MY LABEL FOR PRODUCTS APP","level":"info","message":"Success in reading all users","timestamp":"08-04-2025 20:16:099"}
{"label":"MY LABEL FOR PRODUCTS APP","level":"warn","message":"Success in reading all users","timestamp":"08-04-2025 20:16:099"}
{"label":"MY LABEL FOR PRODUCTS APP","level":"error","message":"Message with error","timestamp":"08-04-2025 20:16:099"}
{"label":"MY LABEL FOR PRODUCTS APP","level":"info","message":"Success in reading all users","timestamp":"08-04-2025 20:16:4141"}
{"label":"MY LABEL FOR PRODUCTS APP","level":"warn","message":"Success in reading all users","timestamp":"08-04-2025 20:16:4141"}
{"label":"MY LABEL FOR PRODUCTS APP","level":"error","message":"Message with error","timestamp":"08-04-2025 20:16:4141"}
{"label":"MY LABEL FOR PRODUCTS APP","level":"info","message":"Success in reading all users","timestamp":"08-04-2025 20:16:4545"}
{"label":"MY LABEL FOR PRODUCTS APP","level":"warn","message":"Success in reading all users","timestamp":"08-04-2025 20:16:4545"}
{"label":"MY LABEL FOR PRODUCTS APP","level":"error","message":"Message with error","timestamp":"08-04-2025 20:16:4545"}
{"label":"MY LABEL FOR PRODUCTS APP","level":"info","message":"Success in reading all users","timestamp":"08-04-2025 20:24:1515"}
{"label":"MY LABEL FOR PRODUCTS APP","level":"warn","message":"Success in reading all users","timestamp":"08-04-2025 20:24:1515"}
{"label":"MY LABEL FOR PRODUCTS APP","level":"error","message":"Message with error","timestamp":"08-04-2025 20:24:1515"}
{"label":"MY LABEL FOR PRODUCTS APP","level":"info","message":"Success in reading all users","timestamp":"08-04-2025 20:24:1616"}
{"label":"MY LABEL FOR PRODUCTS APP","level":"warn","message":"Success in reading all users","timestamp":"08-04-2025 20:24:1616"}
{"label":"MY LABEL FOR PRODUCTS APP","level":"error","message":"Message with error","timestamp":"08-04-2025 20:24:1616"}
{"label":"MY LABEL FOR PRODUCTS APP","level":"info","message":"Success in reading all users","timestamp":"08-04-2025 20:25:5252"}
{"label":"MY LABEL FOR PRODUCTS APP","level":"warn","message":"Success in reading all users","timestamp":"08-04-2025 20:25:5252"}
{"label":"MY LABEL FOR PRODUCTS APP","level":"error","message":"Message with error","timestamp":"08-04-2025 20:25:5252"}
{"label":"MY LABEL FOR PRODUCTS APP","level":"info","message":"Success in reading all users","timestamp":"08-04-2025 20:26:1717"}
{"label":"MY LABEL FOR PRODUCTS APP","level":"warn","message":"Success in reading all users","timestamp":"08-04-2025 20:26:1717"}
{"label":"MY LABEL FOR PRODUCTS APP","level":"error","message":"Message with error","timestamp":"08-04-2025 20:26:1717"}
{"label":"MY LABEL FOR PRODUCTS APP","level":"info","message":"Success in reading all users","timestamp":"08-04-2025 20:26:2727"}
{"label":"MY LABEL FOR PRODUCTS APP","level":"warn","message":"Success in reading all users","timestamp":"08-04-2025 20:26:2727"}
{"label":"MY LABEL FOR PRODUCTS APP","level":"error","message":"Message with error","timestamp":"08-04-2025 20:26:2727"}
{"label":"MY LABEL FOR PRODUCTS APP","level":"info","message":"Success in reading all users","timestamp":"08-04-2025 20:27:033"}
{"label":"MY LABEL FOR PRODUCTS APP","level":"warn","message":"Success in reading all users","timestamp":"08-04-2025 20:27:033"}
{"label":"MY LABEL FOR PRODUCTS APP","level":"error","message":"Message with error","timestamp":"08-04-2025 20:27:033"}
{"label":"MY LABEL FOR PRODUCTS APP","level":"info","message":"Success in reading all users","timestamp":"08-04-2025 20:27:2222"}
{"label":"MY LABEL FOR PRODUCTS APP","level":"warn","message":"Success in reading all users","timestamp":"08-04-2025 20:27:2222"}
{"label":"MY LABEL FOR PRODUCTS APP","level":"error","message":"Message with error","timestamp":"08-04-2025 20:27:2222"}
{"label":"MY LABEL FOR PRODUCTS APP","level":"info","message":"Success in reading all users","timestamp":"08-04-2025 20:29:000"}
{"label":"MY LABEL FOR PRODUCTS APP","level":"warn","message":"Success in reading all users","timestamp":"08-04-2025 20:29:000"}
{"label":"MY LABEL FOR PRODUCTS APP","level":"error","message":"Message with error","timestamp":"08-04-2025 20:29:000"}
{"label":"MY LABEL FOR PRODUCTS APP","level":"info","message":"Success in reading all users","timestamp":"08-04-2025 20:34:3636"}
{"label":"MY LABEL FOR PRODUCTS APP","level":"warn","message":"Success in reading all users","timestamp":"08-04-2025 20:34:3636"}
{"label":"MY LABEL FOR PRODUCTS APP","level":"error","message":"Message with error","timestamp":"08-04-2025 20:34:3636"}
{"label":"MY LABEL FOR PRODUCTS APP","level":"info","message":"Success in reading all users","timestamp":"08-04-2025 20:41:4848"}
{"label":"MY LABEL FOR PRODUCTS APP","level":"warn","message":"Success in reading all users","timestamp":"08-04-2025 20:41:4848"}
{"label":"MY LABEL FOR PRODUCTS APP","level":"error","message":"Message with error","timestamp":"08-04-2025 20:41:4848"}
{"label":"MY LABEL FOR PRODUCTS APP","level":"info","message":"Success in reading all users","timestamp":"08-04-2025 20:44:3232"}
{"label":"MY LABEL FOR PRODUCTS APP","level":"warn","message":"Success in reading all users","timestamp":"08-04-2025 20:44:3232"}
{"label":"MY LABEL FOR PRODUCTS APP","level":"error","message":"Message with error","timestamp":"08-04-2025 20:44:3232"}
{"label":"MY LABEL FOR PRODUCTS APP","level":"info","message":"Success in reading all users","timestamp":"08-04-2025 20:53:4949"}
{"label":"MY LABEL FOR PRODUCTS APP","level":"warn","message":"Success in reading all users","timestamp":"08-04-2025 20:53:4949"}
{"label":"MY LABEL FOR PRODUCTS APP","level":"error","message":"Message with error","timestamp":"08-04-2025 20:53:4949"}
{"label":"MY LABEL FOR PRODUCTS APP","level":"error","message":"Problem in reading all users Operation `users.find()` buffering timed out after 10000ms","stack":"MongooseError: Operation `users.find()` buffering timed out after 10000ms\n    at Timeout.<anonymous> (C:\\Users\\markos\\Desktop\\CF7-Node\\usersApp\\node_modules\\mongoose\\lib\\drivers\\node-mongodb-native\\collection.js:187:23)\n    at listOnTimeout (node:internal/timers:594:17)\n    at processTimers (node:internal/timers:529:7)","timestamp":"14-04-2025 19:17:1010"}
{"label":"MY LABEL FOR PRODUCTS APP","level":"info","message":"Success in reading all users","timestamp":"14-04-2025 19:18:5757"}
{"label":"MY LABEL FOR PRODUCTS APP","level":"warn","message":"Success in reading all users","timestamp":"14-04-2025 19:18:5757"}
{"label":"MY LABEL FOR PRODUCTS APP","level":"error","message":"Message with error","timestamp":"14-04-2025 19:18:5757"}
{"label":"MY LABEL FOR PRODUCTS APP","level":"info","message":"Success in reading all users","timestamp":"14-04-2025 19:24:1616"}
{"label":"MY LABEL FOR PRODUCTS APP","level":"warn","message":"Success in reading all users","timestamp":"14-04-2025 19:24:1616"}
{"label":"MY LABEL FOR PRODUCTS APP","level":"error","message":"Message with error","timestamp":"14-04-2025 19:24:1616"}
{"label":"MY LABEL FOR PRODUCTS APP","level":"info","message":"Success in reading all users","timestamp":"14-04-2025 19:25:088"}
{"label":"MY LABEL FOR PRODUCTS APP","level":"warn","message":"Success in reading all users","timestamp":"14-04-2025 19:25:088"}
{"label":"MY LABEL FOR PRODUCTS APP","level":"error","message":"Message with error","timestamp":"14-04-2025 19:25:088"}
{"label":"MY LABEL FOR PRODUCTS APP","level":"info","message":"Success in reading all users","timestamp":"14-04-2025 19:31:4040"}
{"label":"MY LABEL FOR PRODUCTS APP","level":"warn","message":"Success in reading all users","timestamp":"14-04-2025 19:31:4040"}
{"label":"MY LABEL FOR PRODUCTS APP","level":"error","message":"Message with error","timestamp":"14-04-2025 19:31:4040"}
{"label":"MY LABEL FOR PRODUCTS APP","level":"info","message":"Success in reading all users","timestamp":"14-04-2025 19:41:4848"}
{"label":"MY LABEL FOR PRODUCTS APP","level":"warn","message":"Success in reading all users","timestamp":"14-04-2025 19:41:4848"}
{"label":"MY LABEL FOR PRODUCTS APP","level":"error","message":"Message with error","timestamp":"14-04-2025 19:41:4848"}
{"label":"MY LABEL FOR PRODUCTS APP","level":"info","message":"Success in reading all users","timestamp":"14-04-2025 20:00:4848"}
{"label":"MY LABEL FOR PRODUCTS APP","level":"warn","message":"Success in reading all users","timestamp":"14-04-2025 20:00:4848"}
{"label":"MY LABEL FOR PRODUCTS APP","level":"error","message":"Message with error","timestamp":"14-04-2025 20:00:4848"}
{"label":"MY LABEL FOR PRODUCTS APP","level":"info","message":"Success in reading all users","timestamp":"14-04-2025 20:31:2323"}
{"label":"MY LABEL FOR PRODUCTS APP","level":"warn","message":"Success in reading all users","timestamp":"14-04-2025 20:31:2323"}
{"label":"MY LABEL FOR PRODUCTS APP","level":"error","message":"Message with error","timestamp":"14-04-2025 20:31:2323"}
{"label":"MY LABEL FOR PRODUCTS APP","level":"info","message":"Success in reading all users","timestamp":"14-04-2025 20:32:5252"}
{"label":"MY LABEL FOR PRODUCTS APP","level":"warn","message":"Success in reading all users","timestamp":"14-04-2025 20:32:5252"}
{"label":"MY LABEL FOR PRODUCTS APP","level":"error","message":"Message with error","timestamp":"14-04-2025 20:32:5252"}
{"label":"MY LABEL FOR PRODUCTS APP","level":"info","message":"Success in reading all users","timestamp":"14-04-2025 20:33:3939"}
{"label":"MY LABEL FOR PRODUCTS APP","level":"warn","message":"Success in reading all users","timestamp":"14-04-2025 20:33:3939"}
{"label":"MY LABEL FOR PRODUCTS APP","level":"error","message":"Message with error","timestamp":"14-04-2025 20:33:3939"}
{"label":"MY LABEL FOR PRODUCTS APP","level":"info","message":"Success in reading all users","timestamp":"14-04-2025 20:35:4545"}
{"label":"MY LABEL FOR PRODUCTS APP","level":"warn","message":"Success in reading all users","timestamp":"14-04-2025 20:35:4545"}
{"label":"MY LABEL FOR PRODUCTS APP","level":"error","message":"Message with error","timestamp":"14-04-2025 20:35:4545"}
{"label":"MY LABEL FOR PRODUCTS APP","level":"info","message":"Success in reading all users","timestamp":"14-04-2025 20:53:5454"}
{"label":"MY LABEL FOR PRODUCTS APP","level":"warn","message":"Success in reading all users","timestamp":"14-04-2025 20:53:5454"}
{"label":"MY LABEL FOR PRODUCTS APP","level":"error","message":"Message with error","timestamp":"14-04-2025 20:53:5454"}
{"label":"MY LABEL FOR PRODUCTS APP","level":"info","message":"Success in reading all users","timestamp":"14-04-2025 20:59:3030"}
{"label":"MY LABEL FOR PRODUCTS APP","level":"warn","message":"Success in reading all users","timestamp":"14-04-2025 20:59:3030"}
{"label":"MY LABEL FOR PRODUCTS APP","level":"error","message":"Message with error","timestamp":"14-04-2025 20:59:3030"}
{"label":"MY LABEL FOR PRODUCTS APP","level":"info","message":"Success in reading all users","timestamp":"14-04-2025 20:59:5959"}
{"label":"MY LABEL FOR PRODUCTS APP","level":"warn","message":"Success in reading all users","timestamp":"14-04-2025 20:59:5959"}
{"label":"MY LABEL FOR PRODUCTS APP","level":"error","message":"Message with error","timestamp":"14-04-2025 20:59:5959"}
{"label":"MY LABEL FOR PRODUCTS APP","level":"info","message":"Success in reading all users","timestamp":"14-04-2025 21:01:3333"}
{"label":"MY LABEL FOR PRODUCTS APP","level":"warn","message":"Success in reading all users","timestamp":"14-04-2025 21:01:3333"}
{"label":"MY LABEL FOR PRODUCTS APP","level":"error","message":"Message with error","timestamp":"14-04-2025 21:01:3333"}
{"label":"MY LABEL FOR PRODUCTS APP","level":"info","message":"Success in reading all users","timestamp":"14-04-2025 21:02:4343"}
{"label":"MY LABEL FOR PRODUCTS APP","level":"warn","message":"Success in reading all users","timestamp":"14-04-2025 21:02:4343"}
{"label":"MY LABEL FOR PRODUCTS APP","level":"error","message":"Message with error","timestamp":"14-04-2025 21:02:4343"}
{"label":"MY LABEL FOR PRODUCTS APP","level":"info","message":"Success in reading all users","timestamp":"14-04-2025 21:04:2424"}
{"label":"MY LABEL FOR PRODUCTS APP","level":"warn","message":"Success in reading all users","timestamp":"14-04-2025 21:04:2424"}
{"label":"MY LABEL FOR PRODUCTS APP","level":"error","message":"Message with error","timestamp":"14-04-2025 21:04:2424"}
{"label":"MY LABEL FOR PRODUCTS APP","level":"info","message":"Success in reading all users","timestamp":"15-04-2025 18:16:4646"}
{"label":"MY LABEL FOR PRODUCTS APP","level":"warn","message":"Success in reading all users","timestamp":"15-04-2025 18:16:4646"}
{"label":"MY LABEL FOR PRODUCTS APP","level":"error","message":"Message with error","timestamp":"15-04-2025 18:16:4646"}
{"label":"MY LABEL FOR PRODUCTS APP","level":"info","message":"Success in reading all users","timestamp":"15-04-2025 18:22:1212"}
{"label":"MY LABEL FOR PRODUCTS APP","level":"warn","message":"Success in reading all users","timestamp":"15-04-2025 18:22:1212"}
{"label":"MY LABEL FOR PRODUCTS APP","level":"error","message":"Message with error","timestamp":"15-04-2025 18:22:1212"}
{"label":"MY LABEL FOR PRODUCTS APP","level":"info","message":"Success in reading all users","timestamp":"15-04-2025 18:32:022"}
{"label":"MY LABEL FOR PRODUCTS APP","level":"warn","message":"Success in reading all users","timestamp":"15-04-2025 18:32:022"}
{"label":"MY LABEL FOR PRODUCTS APP","level":"error","message":"Message with error","timestamp":"15-04-2025 18:32:022"}
{"label":"MY LABEL FOR PRODUCTS APP","level":"info","message":"Success in reading all users","timestamp":"15-04-2025 18:35:1919"}
{"label":"MY LABEL FOR PRODUCTS APP","level":"warn","message":"Success in reading all users","timestamp":"15-04-2025 18:35:1919"}
{"label":"MY LABEL FOR PRODUCTS APP","level":"error","message":"Message with error","timestamp":"15-04-2025 18:35:1919"}
{"label":"MY LABEL FOR PRODUCTS APP","level":"info","message":"Success in reading all users","timestamp":"15-04-2025 18:37:4848"}
{"label":"MY LABEL FOR PRODUCTS APP","level":"warn","message":"Success in reading all users","timestamp":"15-04-2025 18:37:4848"}
{"label":"MY LABEL FOR PRODUCTS APP","level":"error","message":"Message with error","timestamp":"15-04-2025 18:37:4848"}
{"label":"MY LABEL FOR PRODUCTS APP","level":"info","message":"Success in reading all users","timestamp":"15-04-2025 18:51:3232"}
{"label":"MY LABEL FOR PRODUCTS APP","level":"warn","message":"Success in reading all users","timestamp":"15-04-2025 18:51:3232"}
{"label":"MY LABEL FOR PRODUCTS APP","level":"error","message":"Message with error","timestamp":"15-04-2025 18:51:3232"}
{"label":"MY LABEL FOR PRODUCTS APP","level":"info","message":"Success in reading all users","timestamp":"15-04-2025 19:00:5959"}
{"label":"MY LABEL FOR PRODUCTS APP","level":"warn","message":"Success in reading all users","timestamp":"15-04-2025 19:00:5959"}
{"label":"MY LABEL FOR PRODUCTS APP","level":"error","message":"Message with error","timestamp":"15-04-2025 19:00:5959"}
{"label":"MY LABEL FOR PRODUCTS APP","level":"info","message":"Success in reading all users","timestamp":"15-04-2025 19:07:2424"}
{"label":"MY LABEL FOR PRODUCTS APP","level":"warn","message":"Success in reading all users","timestamp":"15-04-2025 19:07:2424"}
{"label":"MY LABEL FOR PRODUCTS APP","level":"error","message":"Message with error","timestamp":"15-04-2025 19:07:2424"}
{"label":"MY LABEL FOR PRODUCTS APP","level":"info","message":"Success in reading all users","timestamp":"15-04-2025 19:28:5454"}
{"label":"MY LABEL FOR PRODUCTS APP","level":"warn","message":"Success in reading all users","timestamp":"15-04-2025 19:28:5454"}
{"label":"MY LABEL FOR PRODUCTS APP","level":"error","message":"Message with error","timestamp":"15-04-2025 19:28:5454"}
{"label":"MY LABEL FOR PRODUCTS APP","level":"info","message":"Success in reading all users","timestamp":"15-04-2025 19:42:1111"}
{"label":"MY LABEL FOR PRODUCTS APP","level":"warn","message":"Success in reading all users","timestamp":"15-04-2025 19:42:1111"}
{"label":"MY LABEL FOR PRODUCTS APP","level":"error","message":"Message with error","timestamp":"15-04-2025 19:42:1111"}
{"label":"MY LABEL FOR PRODUCTS APP","level":"info","message":"Success in reading all users","timestamp":"15-04-2025 19:49:1818"}
{"label":"MY LABEL FOR PRODUCTS APP","level":"warn","message":"Success in reading all users","timestamp":"15-04-2025 19:49:1818"}
{"label":"MY LABEL FOR PRODUCTS APP","level":"error","message":"Message with error","timestamp":"15-04-2025 19:49:1818"}
{"label":"MY LABEL FOR PRODUCTS APP","level":"info","message":"Success in reading all users","timestamp":"25-04-2025 22:58:4949"}
{"label":"MY LABEL FOR PRODUCTS APP","level":"warn","message":"Success in reading all users","timestamp":"25-04-2025 22:58:4949"}
{"label":"MY LABEL FOR PRODUCTS APP","level":"error","message":"Message with error","timestamp":"25-04-2025 22:58:4949"}
{"label":"MY LABEL FOR PRODUCTS APP","level":"info","message":"Success in reading all users","timestamp":"28-04-2025 12:19:1313"}
{"label":"MY LABEL FOR PRODUCTS APP","level":"warn","message":"Success in reading all users","timestamp":"28-04-2025 12:19:1313"}
{"label":"MY LABEL FOR PRODUCTS APP","level":"error","message":"Message with error","timestamp":"28-04-2025 12:19:1313"}
{"label":"MY LABEL FOR PRODUCTS APP","level":"info","message":"Success in reading all users","timestamp":"29-04-2025 11:37:4747"}
{"label":"MY LABEL FOR PRODUCTS APP","level":"warn","message":"Success in reading all users","timestamp":"29-04-2025 11:37:4747"}
{"label":"MY LABEL FOR PRODUCTS APP","level":"error","message":"Message with error","timestamp":"29-04-2025 11:37:4747"}
{"label":"MY LABEL FOR PRODUCTS APP","level":"info","message":"Success in reading all users","timestamp":"29-04-2025 15:29:011"}
{"label":"MY LABEL FOR PRODUCTS APP","level":"info","message":"Success in reading all users","timestamp":"29-04-2025 15:29:1717"}
{"label":"MY LABEL FOR PRODUCTS APP","level":"info","message":"Success in reading all users","timestamp":"29-04-2025 15:29:1818"}
{"label":"MY LABEL FOR PRODUCTS APP","level":"info","message":"Success in reading all users","timestamp":"29-04-2025 15:53:4141"}
{"label":"MY LABEL FOR PRODUCTS APP","level":"info","message":"Success in reading all users","timestamp":"29-04-2025 15:53:4646"}
{"label":"MY LABEL FOR PRODUCTS APP","level":"info","message":"Success in reading all users","timestamp":"29-04-2025 15:53:5454"}
{"label":"MY LABEL FOR PRODUCTS APP","level":"info","message":"Success in reading all users","timestamp":"29-04-2025 15:53:5959"}
{"label":"MY LABEL FOR PRODUCTS APP","level":"info","message":"Success in reading all users","timestamp":"29-04-2025 15:54:022"}
{"label":"MY LABEL FOR PRODUCTS APP","level":"info","message":"Success in reading all users","timestamp":"29-04-2025 15:55:066"}
{"label":"MY LABEL FOR PRODUCTS APP","level":"info","message":"Success in reading all users","timestamp":"29-04-2025 15:55:077"}
{"label":"MY LABEL FOR PRODUCTS APP","level":"info","message":"Success in reading all users","timestamp":"29-04-2025 15:55:1010"}
{"label":"MY LABEL FOR PRODUCTS APP","level":"info","message":"Success in reading all products","timestamp":"29-04-2025 16:07:2222"}
{"label":"MY LABEL FOR PRODUCTS APP","level":"info","message":"Success in reading all products","timestamp":"29-04-2025 16:11:1212"}
{"label":"MY LABEL FOR PRODUCTS APP","level":"info","message":"Success in reading all users","timestamp":"29-04-2025 16:11:5858"}
{"label":"MY LABEL FOR PRODUCTS APP","level":"info","message":"Success in reading all products","timestamp":"29-04-2025 16:12:000"}
{"label":"MY LABEL FOR PRODUCTS APP","level":"info","message":"Success in reading all users","timestamp":"29-04-2025 16:12:055"}
{"label":"MY LABEL FOR PRODUCTS APP","level":"info","message":"Success in reading all products","timestamp":"29-04-2025 16:12:1010"}
{"label":"MY LABEL FOR PRODUCTS APP","level":"info","message":"Success in reading all products","timestamp":"29-04-2025 16:12:5353"}
{"label":"MY LABEL FOR PRODUCTS APP","level":"info","message":"Success in reading all products","timestamp":"29-04-2025 16:16:2424"}
{"label":"MY LABEL FOR PRODUCTS APP","level":"info","message":"Success in reading all users","timestamp":"29-04-2025 16:16:4242"}
{"label":"MY LABEL FOR PRODUCTS APP","level":"info","message":"Success in reading all products","timestamp":"29-04-2025 16:16:4343"}
{"label":"MY LABEL FOR PRODUCTS APP","level":"info","message":"Success in reading all products","timestamp":"29-04-2025 16:29:3030"}
{"label":"MY LABEL FOR PRODUCTS APP","level":"info","message":"Success in reading all products","timestamp":"29-04-2025 16:29:4242"}
{"label":"MY LABEL FOR PRODUCTS APP","level":"info","message":"Success in reading all products","timestamp":"29-04-2025 16:29:4343"}
{"label":"MY LABEL FOR PRODUCTS APP","level":"info","message":"Success in reading all products","timestamp":"29-04-2025 16:29:5252"}
{"label":"MY LABEL FOR PRODUCTS APP","level":"info","message":"Success in reading all products","timestamp":"29-04-2025 16:39:1919"}
{"label":"MY LABEL FOR PRODUCTS APP","level":"info","message":"Success in reading all products","timestamp":"29-04-2025 16:43:4545"}
{"label":"MY LABEL FOR PRODUCTS APP","level":"info","message":"Success in reading all products","timestamp":"29-04-2025 16:44:1414"}
{"label":"MY LABEL FOR PRODUCTS APP","level":"info","message":"Success in reading all users","timestamp":"29-04-2025 16:44:1616"}
{"label":"MY LABEL FOR PRODUCTS APP","level":"info","message":"Success in reading all products","timestamp":"29-04-2025 19:01:4949"}
{"label":"MY LABEL FOR PRODUCTS APP","level":"info","message":"Success in reading all users","timestamp":"29-04-2025 19:02:011"}
{"label":"MY LABEL FOR PRODUCTS APP","level":"info","message":"Success in reading all products","timestamp":"29-04-2025 19:02:1414"}
{"label":"MY LABEL FOR PRODUCTS APP","level":"info","message":"Success in reading all users","timestamp":"29-04-2025 19:02:1717"}
{"label":"MY LABEL FOR PRODUCTS APP","level":"info","message":"Success in reading all users","timestamp":"29-04-2025 19:02:2020"}
{"label":"MY LABEL FOR PRODUCTS APP","level":"info","message":"Success in reading all users","timestamp":"29-04-2025 19:02:2424"}
{"label":"MY LABEL FOR PRODUCTS APP","level":"info","message":"Success in reading all products","timestamp":"29-04-2025 19:02:2727"}
{"label":"MY LABEL FOR PRODUCTS APP","level":"info","message":"Success in reading all users","timestamp":"29-04-2025 19:02:3131"}
{"label":"MY LABEL FOR PRODUCTS APP","level":"info","message":"Success in reading all users","timestamp":"29-04-2025 19:02:3333"}
{"label":"MY LABEL FOR PRODUCTS APP","level":"info","message":"Success in reading all products","timestamp":"29-04-2025 19:02:3535"}
{"label":"MY LABEL FOR PRODUCTS APP","level":"info","message":"Success in reading all products","timestamp":"29-04-2025 19:05:3636"}
{"label":"MY LABEL FOR PRODUCTS APP","level":"info","message":"Success in reading all users","timestamp":"29-04-2025 19:10:5252"}
{"label":"MY LABEL FOR PRODUCTS APP","level":"info","message":"Success in reading all users","timestamp":"29-04-2025 19:10:5454"}
{"label":"MY LABEL FOR PRODUCTS APP","level":"info","message":"Success in reading all products","timestamp":"29-04-2025 19:10:5656"}
{"label":"MY LABEL FOR PRODUCTS APP","level":"info","message":"Success in reading all products","timestamp":"29-04-2025 19:12:044"}
{"label":"MY LABEL FOR PRODUCTS APP","level":"info","message":"Success in reading all products","timestamp":"29-04-2025 19:12:3737"}
{"label":"MY LABEL FOR PRODUCTS APP","level":"info","message":"Success in reading all products","timestamp":"29-04-2025 19:13:3030"}
{"label":"MY LABEL FOR PRODUCTS APP","level":"info","message":"Success in reading all users","timestamp":"29-04-2025 19:13:3131"}
{"label":"MY LABEL FOR PRODUCTS APP","level":"info","message":"Success in reading all users","timestamp":"29-04-2025 19:13:5858"}
{"label":"MY LABEL FOR PRODUCTS APP","level":"info","message":"Success in reading all users","timestamp":"29-04-2025 19:14:077"}
{"label":"MY LABEL FOR PRODUCTS APP","level":"info","message":"Success in reading all users","timestamp":"29-04-2025 19:15:4040"}
{"label":"MY LABEL FOR PRODUCTS APP","level":"info","message":"Success in reading all users","timestamp":"29-04-2025 19:16:5555"}
{"label":"MY LABEL FOR PRODUCTS APP","level":"info","message":"Success in reading all products","timestamp":"29-04-2025 19:17:2525"}
{"label":"MY LABEL FOR PRODUCTS APP","level":"info","message":"Success in reading all users","timestamp":"29-04-2025 19:21:088"}
{"label":"MY LABEL FOR PRODUCTS APP","level":"info","message":"Success in reading all products","timestamp":"29-04-2025 19:21:2323"}
{"label":"MY LABEL FOR PRODUCTS APP","level":"info","message":"Success in reading all users","timestamp":"29-04-2025 19:24:5151"}
{"label":"MY LABEL FOR PRODUCTS APP","level":"info","message":"Success in reading all users","timestamp":"29-04-2025 19:26:1818"}
{"label":"MY LABEL FOR PRODUCTS APP","level":"info","message":"Success in reading all users","timestamp":"29-04-2025 19:29:4545"}
{"label":"MY LABEL FOR PRODUCTS APP","level":"info","message":"Success in reading all products","timestamp":"29-04-2025 19:30:4949"}
{"label":"MY LABEL FOR PRODUCTS APP","level":"info","message":"Success in reading all products","timestamp":"29-04-2025 19:30:5050"}
{"label":"MY LABEL FOR PRODUCTS APP","level":"info","message":"Success in reading all products","timestamp":"29-04-2025 19:30:5454"}
{"label":"MY LABEL FOR PRODUCTS APP","level":"info","message":"Success in reading all users","timestamp":"29-04-2025 19:30:5858"}
